[debug] [2025-09-17T19:46:10.244Z] ----------------------------------------------------------------------
[debug] [2025-09-17T19:46:10.246Z] Command:       C:\nvm4w\nodejs\node.exe C:\Users\killi\AppData\Roaming\npm\node_modules\firebase-tools\lib\bin\firebase.js emulators:start --only functions
[debug] [2025-09-17T19:46:10.247Z] CLI Version:   14.11.2
[debug] [2025-09-17T19:46:10.247Z] Platform:      win32
[debug] [2025-09-17T19:46:10.247Z] Node Version:  v20.19.5
[debug] [2025-09-17T19:46:10.247Z] Time:          Wed Sep 17 2025 21:46:10 GMT+0200 (Midden-Europese zomertijd)
[debug] [2025-09-17T19:46:10.247Z] ----------------------------------------------------------------------
[debug] 
[debug] [2025-09-17T19:46:10.462Z] > command requires scopes: ["email","openid","https://www.googleapis.com/auth/cloudplatformprojects.readonly","https://www.googleapis.com/auth/firebase","https://www.googleapis.com/auth/cloud-platform"]
[debug] [2025-09-17T19:46:10.462Z] > authorizing via signed-in user (killianmatthews06@gmail.com)
[info] i  emulators: Starting emulators: functions {"metadata":{"emulator":{"name":"hub"},"message":"Starting emulators: functions"}}
[debug] [2025-09-17T19:46:10.470Z] [logging] Logging Emulator only supports listening on one address (127.0.0.1). Not listening on ::1
[debug] [2025-09-17T19:46:10.470Z] assigned listening specs for emulators {"user":{"hub":[{"address":"127.0.0.1","family":"IPv4","port":4400},{"address":"::1","family":"IPv6","port":4400}],"ui":[{"address":"127.0.0.1","family":"IPv4","port":4000},{"address":"::1","family":"IPv6","port":4000}],"logging":[{"address":"127.0.0.1","family":"IPv4","port":4500}]},"metadata":{"message":"assigned listening specs for emulators"}}
[debug] [2025-09-17T19:46:10.474Z] [hub] writing locator at C:\Users\killi\AppData\Local\Temp\hub-deliverytesting-d6685.json
[debug] [2025-09-17T19:46:10.492Z] [functions] Functions Emulator only supports listening on one address (127.0.0.1). Not listening on ::1
[debug] [2025-09-17T19:46:10.492Z] [eventarc] Eventarc Emulator only supports listening on one address (127.0.0.1). Not listening on ::1
[debug] [2025-09-17T19:46:10.492Z] [tasks] Cloud Tasks Emulator only supports listening on one address (127.0.0.1). Not listening on ::1
[debug] [2025-09-17T19:46:10.492Z] late-assigned ports for functions and eventarc emulators {"user":{"hub":[{"address":"127.0.0.1","family":"IPv4","port":4400},{"address":"::1","family":"IPv6","port":4400}],"ui":[{"address":"127.0.0.1","family":"IPv4","port":4000},{"address":"::1","family":"IPv6","port":4000}],"logging":[{"address":"127.0.0.1","family":"IPv4","port":4500}],"functions":[{"address":"127.0.0.1","family":"IPv4","port":5001}],"eventarc":[{"address":"127.0.0.1","family":"IPv4","port":9299}],"tasks":[{"address":"127.0.0.1","family":"IPv4","port":9499}]},"metadata":{"message":"late-assigned ports for functions and eventarc emulators"}}
[warn] !  functions: The following emulators are not running, calls to these services from the Functions emulator will affect production: apphosting, auth, firestore, database, hosting, pubsub, storage, dataconnect {"metadata":{"emulator":{"name":"functions"},"message":"The following emulators are not running, calls to these services from the Functions emulator will affect production: \u001b[1mapphosting, auth, firestore, database, hosting, pubsub, storage, dataconnect\u001b[22m"}}
[debug] [2025-09-17T19:46:10.547Z] defaultcredentials: writing to file C:\Users\killi\AppData\Roaming\firebase\killianmatthews06_gmail_com_application_default_credentials.json
[debug] [2025-09-17T19:46:10.548Z] Setting GAC to C:\Users\killi\AppData\Roaming\firebase\killianmatthews06_gmail_com_application_default_credentials.json {"metadata":{"emulator":{"name":"functions"},"message":"Setting GAC to C:\\Users\\killi\\AppData\\Roaming\\firebase\\killianmatthews06_gmail_com_application_default_credentials.json"}}
[debug] [2025-09-17T19:46:10.549Z] Checked if tokens are valid: true, expires at: 1758141726612
[debug] [2025-09-17T19:46:10.549Z] Checked if tokens are valid: true, expires at: 1758141726612
[debug] [2025-09-17T19:46:10.550Z] >>> [apiv2][query] GET https://firebase.googleapis.com/v1beta1/projects/deliverytesting-d6685/adminSdkConfig [none]
[debug] [2025-09-17T19:46:10.898Z] <<< [apiv2][status] GET https://firebase.googleapis.com/v1beta1/projects/deliverytesting-d6685/adminSdkConfig 200
[debug] [2025-09-17T19:46:10.898Z] <<< [apiv2][body] GET https://firebase.googleapis.com/v1beta1/projects/deliverytesting-d6685/adminSdkConfig {"projectId":"deliverytesting-d6685","storageBucket":"deliverytesting-d6685.firebasestorage.app"}
[info] i  functions: Watching "C:\Users\killi\WebProjects\multitenant-webshop\functions" for Cloud Functions... {"metadata":{"emulator":{"name":"functions"},"message":"Watching \"C:\\Users\\killi\\WebProjects\\multitenant-webshop\\functions\" for Cloud Functions..."}}
[debug] [2025-09-17T19:46:10.923Z] Validating nodejs source
[debug] [2025-09-17T19:46:11.827Z] > [functions] package.json contents: {
  "name": "functions",
  "description": "Cloud Functions for Firebase",
  "scripts": {
    "lint": "eslint .",
    "serve": "firebase emulators:start --only functions",
    "shell": "firebase functions:shell",
    "start": "npm run shell",
    "deploy": "firebase deploy --only functions",
    "logs": "firebase functions:log"
  },
  "engines": {
    "node": "22"
  },
  "main": "index.js",
  "dependencies": {
    "@google-cloud/secret-manager": "^6.1.0",
    "@mollie/api-client": "^4.3.3",
    "axios": "^1.12.2",
    "firebase-admin": "^12.6.0",
    "firebase-functions": "^6.0.1"
  },
  "devDependencies": {
    "eslint": "^8.15.0",
    "eslint-config-google": "^0.14.0",
    "firebase-functions-test": "^3.1.0"
  },
  "private": true
}
[debug] [2025-09-17T19:46:11.827Z] Building nodejs source
[debug] [2025-09-17T19:46:11.827Z] Failed to find version of module node: reached end of search path C:\Users\killi\WebProjects\multitenant-webshop\functions\node_modules
[warn] !  functions: Your requested "node" version "22" doesn't match your global version "20". Using node@20 from host. 
[debug] [2025-09-17T19:46:11.830Z] Could not find functions.yaml. Must use http discovery
[debug] [2025-09-17T19:46:11.837Z] Found firebase-functions binary at 'C:\Users\killi\WebProjects\multitenant-webshop\functions\node_modules\.bin\firebase-functions'
[info] Serving at port 8663

[error] C:\Users\killi\WebProjects\multitenant-webshop\functions\index.js:41
const functions = require("firebase-functions");
      ^

SyntaxError: Identifier 'functions' has already been declared
    at wrapSafe (node:internal/modules/cjs/loader:1464:18)
    at Module._compile (node:internal/modules/cjs/loader:1495:20)
    at Module._extensions..js (node:internal/modules/cjs/loader:1623:10)
    at Module.load (node:internal/modules/cjs/loader:1266:32)
    at Module._load (node:internal/modules/cjs/loader:1091:12)
    at Module.require (node:internal/modules/cjs/loader:1289:19)
    at require (node:internal/modules/helpers:182:18)
    at loadModule (C:\Users\killi\WebProjects\multitenant-webshop\functions\node_modules\firebase-functions\lib\runtime\loader.js:40:16)
    at loadStack (C:\Users\killi\WebProjects\multitenant-webshop\functions\node_modules\firebase-functions\lib\runtime\loader.js:157:23)
    at C:\Users\killi\WebProjects\multitenant-webshop\functions\node_modules\firebase-functions\lib\bin\firebase-functions.js:102:60

[debug] [2025-09-17T19:46:12.108Z] Got response code 400; body Failed to generate manifest from function source: Identifier 'functions' has already been declared
[error] !!  functions: Failed to load function definition from source: FirebaseError: Functions codebase could not be analyzed successfully. It may have a syntax or runtime error {"metadata":{"emulator":{"name":"functions"},"message":"Failed to load function definition from source: FirebaseError: Functions codebase could not be analyzed successfully. It may have a syntax or runtime error"}}
[debug] [2025-09-17T19:46:16.131Z] Could not find VSCode notification endpoint: FetchError: request to http://localhost:40001/vscode/notify failed, reason: . If you are not running the Firebase Data Connect VSCode extension, this is expected and not an issue.
[info] 
┌─────────────────────────────────────────────────────────────┐
│ ✔  All emulators ready! It is now safe to connect your app. │
│ i  View Emulator UI at http://127.0.0.1:4000/               │
└─────────────────────────────────────────────────────────────┘

┌───────────┬────────────────┬─────────────────────────────────┐
│ Emulator  │ Host:Port      │ View in Emulator UI             │
├───────────┼────────────────┼─────────────────────────────────┤
│ Functions │ 127.0.0.1:5001 │ http://127.0.0.1:4000/functions │
└───────────┴────────────────┴─────────────────────────────────┘
  Emulator Hub host: 127.0.0.1 port: 4400
  Other reserved ports: 4500

Issues? Report them at https://github.com/firebase/firebase-tools/issues and attach the *-debug.log files.
 
[debug] [2025-09-17T19:46:30.639Z] File C:\Users\killi\WebProjects\multitenant-webshop\functions\index.js changed, reloading triggers {"metadata":{"emulator":{"name":"functions"},"message":"File C:\\Users\\killi\\WebProjects\\multitenant-webshop\\functions\\index.js changed, reloading triggers"}}
[debug] [2025-09-17T19:46:31.643Z] Validating nodejs source
[debug] [2025-09-17T19:46:32.522Z] > [functions] package.json contents: {
  "name": "functions",
  "description": "Cloud Functions for Firebase",
  "scripts": {
    "lint": "eslint .",
    "serve": "firebase emulators:start --only functions",
    "shell": "firebase functions:shell",
    "start": "npm run shell",
    "deploy": "firebase deploy --only functions",
    "logs": "firebase functions:log"
  },
  "engines": {
    "node": "22"
  },
  "main": "index.js",
  "dependencies": {
    "@google-cloud/secret-manager": "^6.1.0",
    "@mollie/api-client": "^4.3.3",
    "axios": "^1.12.2",
    "firebase-admin": "^12.6.0",
    "firebase-functions": "^6.0.1"
  },
  "devDependencies": {
    "eslint": "^8.15.0",
    "eslint-config-google": "^0.14.0",
    "firebase-functions-test": "^3.1.0"
  },
  "private": true
}
[debug] [2025-09-17T19:46:32.523Z] Building nodejs source
[debug] [2025-09-17T19:46:32.523Z] Failed to find version of module node: reached end of search path C:\Users\killi\WebProjects\multitenant-webshop\functions\node_modules
[warn] !  functions: Your requested "node" version "22" doesn't match your global version "20". Using node@20 from host. 
[debug] [2025-09-17T19:46:32.525Z] Could not find functions.yaml. Must use http discovery
[debug] [2025-09-17T19:46:32.529Z] Found firebase-functions binary at 'C:\Users\killi\WebProjects\multitenant-webshop\functions\node_modules\.bin\firebase-functions'
[info] Serving at port 8935

[error] ReferenceError: region is not defined
    at Object.<anonymous> (C:\Users\killi\WebProjects\multitenant-webshop\functions\index.js:162:1)
    at Module._compile (node:internal/modules/cjs/loader:1521:14)
    at Module._extensions..js (node:internal/modules/cjs/loader:1623:10)
    at Module.load (node:internal/modules/cjs/loader:1266:32)
    at Module._load (node:internal/modules/cjs/loader:1091:12)
    at Module.require (node:internal/modules/cjs/loader:1289:19)
    at require (node:internal/modules/helpers:182:18)
    at loadModule (C:\Users\killi\WebProjects\multitenant-webshop\functions\node_modules\firebase-functions\lib\runtime\loader.js:40:16)
    at loadStack (C:\Users\killi\WebProjects\multitenant-webshop\functions\node_modules\firebase-functions\lib\runtime\loader.js:157:23)
    at C:\Users\killi\WebProjects\multitenant-webshop\functions\node_modules\firebase-functions\lib\bin\firebase-functions.js:102:60

[debug] [2025-09-17T19:46:33.368Z] Got response code 400; body Failed to generate manifest from function source: region is not defined
[error] !!  functions: Failed to load function definition from source: FirebaseError: Functions codebase could not be analyzed successfully. It may have a syntax or runtime error {"metadata":{"emulator":{"name":"functions"},"message":"Failed to load function definition from source: FirebaseError: Functions codebase could not be analyzed successfully. It may have a syntax or runtime error"}}
[debug] [2025-09-17T19:47:35.022Z] File C:\Users\killi\WebProjects\multitenant-webshop\functions\index.js changed, reloading triggers {"metadata":{"emulator":{"name":"functions"},"message":"File C:\\Users\\killi\\WebProjects\\multitenant-webshop\\functions\\index.js changed, reloading triggers"}}
[debug] [2025-09-17T19:47:36.026Z] Validating nodejs source
[debug] [2025-09-17T19:47:36.897Z] > [functions] package.json contents: {
  "name": "functions",
  "description": "Cloud Functions for Firebase",
  "scripts": {
    "lint": "eslint .",
    "serve": "firebase emulators:start --only functions",
    "shell": "firebase functions:shell",
    "start": "npm run shell",
    "deploy": "firebase deploy --only functions",
    "logs": "firebase functions:log"
  },
  "engines": {
    "node": "22"
  },
  "main": "index.js",
  "dependencies": {
    "@google-cloud/secret-manager": "^6.1.0",
    "@mollie/api-client": "^4.3.3",
    "axios": "^1.12.2",
    "firebase-admin": "^12.6.0",
    "firebase-functions": "^6.0.1"
  },
  "devDependencies": {
    "eslint": "^8.15.0",
    "eslint-config-google": "^0.14.0",
    "firebase-functions-test": "^3.1.0"
  },
  "private": true
}
[debug] [2025-09-17T19:47:36.897Z] Building nodejs source
[debug] [2025-09-17T19:47:36.897Z] Failed to find version of module node: reached end of search path C:\Users\killi\WebProjects\multitenant-webshop\functions\node_modules
[warn] !  functions: Your requested "node" version "22" doesn't match your global version "20". Using node@20 from host. 
[debug] [2025-09-17T19:47:36.899Z] Could not find functions.yaml. Must use http discovery
[debug] [2025-09-17T19:47:36.903Z] Found firebase-functions binary at 'C:\Users\killi\WebProjects\multitenant-webshop\functions\node_modules\.bin\firebase-functions'
[info] Serving at port 8630

[debug] [2025-09-17T19:47:37.769Z] Got response from /__/functions.yaml {"endpoints":{"helloWorld":{"availableMemoryMb":null,"timeoutSeconds":null,"minInstances":null,"maxInstances":null,"ingressSettings":null,"concurrency":null,"serviceAccountEmail":null,"vpc":null,"platform":"gcfv2","labels":{},"httpsTrigger":{},"entryPoint":"helloWorld"},"createMollieOnlinePayment":{"availableMemoryMb":null,"timeoutSeconds":null,"minInstances":null,"maxInstances":null,"ingressSettings":null,"concurrency":null,"serviceAccountEmail":null,"vpc":null,"platform":"gcfv2","labels":{},"callableTrigger":{},"entryPoint":"createMollieOnlinePayment"}},"specVersion":"v1alpha1","requiredAPIs":[],"extensions":{}}
[info] +  functions: Loaded functions definitions from source: helloWorld, createMollieOnlinePayment. {"metadata":{"emulator":{"name":"functions"},"message":"Loaded functions definitions from source: helloWorld, createMollieOnlinePayment."}}
[info] +  functions[us-central1-helloWorld]: http function initialized (http://127.0.0.1:5001/deliverytesting-d6685/us-central1/helloWorld). {"metadata":{"emulator":{"name":"functions"},"message":"\u001b[1mhttp\u001b[22m function initialized (http://127.0.0.1:5001/deliverytesting-d6685/us-central1/helloWorld)."}}
[info] +  functions[us-central1-createMollieOnlinePayment]: http function initialized (http://127.0.0.1:5001/deliverytesting-d6685/us-central1/createMollieOnlinePayment). {"metadata":{"emulator":{"name":"functions"},"message":"\u001b[1mhttp\u001b[22m function initialized (http://127.0.0.1:5001/deliverytesting-d6685/us-central1/createMollieOnlinePayment)."}}
[debug] [2025-09-17T19:47:49.583Z] [work-queue] {"queuedWork":["/deliverytesting-d6685/us-central1/createMollieOnlinePayment-2025-09-17T19:47:49.583Z"],"queueLength":1,"runningWork":[],"workRunningCount":0}
[debug] [2025-09-17T19:47:49.583Z] [work-queue] {"queuedWork":[],"queueLength":0,"runningWork":["/deliverytesting-d6685/us-central1/createMollieOnlinePayment-2025-09-17T19:47:49.583Z"],"workRunningCount":1}
[debug] [2025-09-17T19:47:49.584Z] Accepted request GET /deliverytesting-d6685/us-central1/createMollieOnlinePayment --> us-central1-createMollieOnlinePayment
[debug] [2025-09-17T19:47:49.587Z] [functions] Runtime ready! Sending request! {"metadata":{"emulator":{"name":"functions"},"message":"[functions] Runtime ready! Sending request!"}}
[debug] [2025-09-17T19:47:49.588Z] [functions] Got req.url=/deliverytesting-d6685/us-central1/createMollieOnlinePayment, mapping to path=/ {"metadata":{"emulator":{"name":"functions"},"message":"[functions] Got req.url=/deliverytesting-d6685/us-central1/createMollieOnlinePayment, mapping to path=/"}}
[debug] [2025-09-17T19:47:49.598Z] [worker-pool] addWorker(us-central1-createMollieOnlinePayment) {"metadata":{"emulator":{"name":"functions"},"message":"[worker-pool] addWorker(us-central1-createMollieOnlinePayment)"}}
[debug] [2025-09-17T19:47:49.598Z] [worker-pool] Adding worker with key us-central1-createMollieOnlinePayment, total=1 {"metadata":{"emulator":{"name":"functions"},"message":"[worker-pool] Adding worker with key us-central1-createMollieOnlinePayment, total=1"}}
[debug] [2025-09-17T19:47:50.627Z] [runtime-status] [17776] Resolved module firebase-admin {"declared":true,"installed":true,"version":"12.7.0","resolution":"C:\\Users\\killi\\WebProjects\\multitenant-webshop\\functions\\node_modules\\firebase-admin\\lib\\index.js"} {"metadata":{"emulator":{"name":"functions"},"function":{"name":"us-central1-createMollieOnlinePayment"},"extension":{},"message":"[runtime-status] [17776] Resolved module firebase-admin {\"declared\":true,\"installed\":true,\"version\":\"12.7.0\",\"resolution\":\"C:\\\\Users\\\\killi\\\\WebProjects\\\\multitenant-webshop\\\\functions\\\\node_modules\\\\firebase-admin\\\\lib\\\\index.js\"}"}}
[debug] [2025-09-17T19:47:50.628Z] [runtime-status] [17776] Resolved module firebase-functions {"declared":true,"installed":true,"version":"6.4.0","resolution":"C:\\Users\\killi\\WebProjects\\multitenant-webshop\\functions\\node_modules\\firebase-functions\\lib\\v2\\index.js"} {"metadata":{"emulator":{"name":"functions"},"function":{"name":"us-central1-createMollieOnlinePayment"},"extension":{},"message":"[runtime-status] [17776] Resolved module firebase-functions {\"declared\":true,\"installed\":true,\"version\":\"6.4.0\",\"resolution\":\"C:\\\\Users\\\\killi\\\\WebProjects\\\\multitenant-webshop\\\\functions\\\\node_modules\\\\firebase-functions\\\\lib\\\\v2\\\\index.js\"}"}}
[debug] [2025-09-17T19:47:50.628Z] [runtime-status] [17776] Outgoing network have been stubbed. [{"name":"http","status":"mocked"},{"name":"http","status":"mocked"},{"name":"https","status":"mocked"},{"name":"https","status":"mocked"},{"name":"net","status":"mocked"}] {"metadata":{"emulator":{"name":"functions"},"function":{"name":"us-central1-createMollieOnlinePayment"},"extension":{},"message":"[runtime-status] [17776] Outgoing network have been stubbed. [{\"name\":\"http\",\"status\":\"mocked\"},{\"name\":\"http\",\"status\":\"mocked\"},{\"name\":\"https\",\"status\":\"mocked\"},{\"name\":\"https\",\"status\":\"mocked\"},{\"name\":\"net\",\"status\":\"mocked\"}]"}}
[debug] [2025-09-17T19:47:50.629Z] [runtime-status] [17776] Resolved module firebase-functions {"declared":true,"installed":true,"version":"6.4.0","resolution":"C:\\Users\\killi\\WebProjects\\multitenant-webshop\\functions\\node_modules\\firebase-functions\\lib\\v2\\index.js"} {"metadata":{"emulator":{"name":"functions"},"function":{"name":"us-central1-createMollieOnlinePayment"},"extension":{},"message":"[runtime-status] [17776] Resolved module firebase-functions {\"declared\":true,\"installed\":true,\"version\":\"6.4.0\",\"resolution\":\"C:\\\\Users\\\\killi\\\\WebProjects\\\\multitenant-webshop\\\\functions\\\\node_modules\\\\firebase-functions\\\\lib\\\\v2\\\\index.js\"}"}}
[debug] [2025-09-17T19:47:50.897Z] [runtime-status] [17776] Checked functions.config() {"config":{}} {"metadata":{"emulator":{"name":"functions"},"function":{"name":"us-central1-createMollieOnlinePayment"},"extension":{},"message":"[runtime-status] [17776] Checked functions.config() {\"config\":{}}"}}
[debug] [2025-09-17T19:47:50.897Z] [runtime-status] [17776] firebase-functions has been stubbed. {"functionsResolution":{"declared":true,"installed":true,"version":"6.4.0","resolution":"C:\\Users\\killi\\WebProjects\\multitenant-webshop\\functions\\node_modules\\firebase-functions\\lib\\v2\\index.js"}} {"metadata":{"emulator":{"name":"functions"},"function":{"name":"us-central1-createMollieOnlinePayment"},"extension":{},"message":"[runtime-status] [17776] firebase-functions has been stubbed. {\"functionsResolution\":{\"declared\":true,\"installed\":true,\"version\":\"6.4.0\",\"resolution\":\"C:\\\\Users\\\\killi\\\\WebProjects\\\\multitenant-webshop\\\\functions\\\\node_modules\\\\firebase-functions\\\\lib\\\\v2\\\\index.js\"}}"}}
[debug] [2025-09-17T19:47:50.898Z] [runtime-status] [17776] Resolved module firebase-functions {"declared":true,"installed":true,"version":"6.4.0","resolution":"C:\\Users\\killi\\WebProjects\\multitenant-webshop\\functions\\node_modules\\firebase-functions\\lib\\v2\\index.js"} {"metadata":{"emulator":{"name":"functions"},"function":{"name":"us-central1-createMollieOnlinePayment"},"extension":{},"message":"[runtime-status] [17776] Resolved module firebase-functions {\"declared\":true,\"installed\":true,\"version\":\"6.4.0\",\"resolution\":\"C:\\\\Users\\\\killi\\\\WebProjects\\\\multitenant-webshop\\\\functions\\\\node_modules\\\\firebase-functions\\\\lib\\\\v2\\\\index.js\"}"}}
[debug] [2025-09-17T19:47:50.904Z] [runtime-status] [17776] Resolved module firebase-admin {"declared":true,"installed":true,"version":"12.7.0","resolution":"C:\\Users\\killi\\WebProjects\\multitenant-webshop\\functions\\node_modules\\firebase-admin\\lib\\index.js"} {"metadata":{"emulator":{"name":"functions"},"function":{"name":"us-central1-createMollieOnlinePayment"},"extension":{},"message":"[runtime-status] [17776] Resolved module firebase-admin {\"declared\":true,\"installed\":true,\"version\":\"12.7.0\",\"resolution\":\"C:\\\\Users\\\\killi\\\\WebProjects\\\\multitenant-webshop\\\\functions\\\\node_modules\\\\firebase-admin\\\\lib\\\\index.js\"}"}}
[debug] [2025-09-17T19:47:50.906Z] [runtime-status] [17776] Resolved module firebase-functions {"declared":true,"installed":true,"version":"6.4.0","resolution":"C:\\Users\\killi\\WebProjects\\multitenant-webshop\\functions\\node_modules\\firebase-functions\\lib\\v2\\index.js"} {"metadata":{"emulator":{"name":"functions"},"function":{"name":"us-central1-createMollieOnlinePayment"},"extension":{},"message":"[runtime-status] [17776] Resolved module firebase-functions {\"declared\":true,\"installed\":true,\"version\":\"6.4.0\",\"resolution\":\"C:\\\\Users\\\\killi\\\\WebProjects\\\\multitenant-webshop\\\\functions\\\\node_modules\\\\firebase-functions\\\\lib\\\\v2\\\\index.js\"}"}}
[debug] [2025-09-17T19:47:50.906Z] [runtime-status] [17776] firebase-admin has been stubbed. {"adminResolution":{"declared":true,"installed":true,"version":"12.7.0","resolution":"C:\\Users\\killi\\WebProjects\\multitenant-webshop\\functions\\node_modules\\firebase-admin\\lib\\index.js"}} {"metadata":{"emulator":{"name":"functions"},"function":{"name":"us-central1-createMollieOnlinePayment"},"extension":{},"message":"[runtime-status] [17776] firebase-admin has been stubbed. {\"adminResolution\":{\"declared\":true,\"installed\":true,\"version\":\"12.7.0\",\"resolution\":\"C:\\\\Users\\\\killi\\\\WebProjects\\\\multitenant-webshop\\\\functions\\\\node_modules\\\\firebase-admin\\\\lib\\\\index.js\"}}"}}
[debug] [2025-09-17T19:47:51.183Z] [runtime-status] [17776] initializeApp(DEFAULT) {"storageBucket":"deliverytesting-d6685.firebasestorage.app","projectId":"deliverytesting-d6685"} {"metadata":{"emulator":{"name":"functions"},"function":{"name":"us-central1-createMollieOnlinePayment"},"extension":{},"message":"[runtime-status] [17776] initializeApp(DEFAULT) {\"storageBucket\":\"deliverytesting-d6685.firebasestorage.app\",\"projectId\":\"deliverytesting-d6685\"}"}}
[debug] [2025-09-17T19:47:51.245Z] [runtime-status] [17776] Functions runtime initialized. {"cwd":"C:\\Users\\killi\\WebProjects\\multitenant-webshop\\functions","node_version":"20.19.5"} {"metadata":{"emulator":{"name":"functions"},"function":{"name":"us-central1-createMollieOnlinePayment"},"extension":{},"message":"[runtime-status] [17776] Functions runtime initialized. {\"cwd\":\"C:\\\\Users\\\\killi\\\\WebProjects\\\\multitenant-webshop\\\\functions\",\"node_version\":\"20.19.5\"}"}}
[debug] [2025-09-17T19:47:51.245Z] [runtime-status] [17776] Listening to port: \\?\pipe\fire_emu_cfddb03f8f04874b {"metadata":{"emulator":{"name":"functions"},"function":{"name":"us-central1-createMollieOnlinePayment"},"extension":{},"message":"[runtime-status] [17776] Listening to port: \\\\?\\pipe\\fire_emu_cfddb03f8f04874b"}}
[debug] [2025-09-17T19:47:51.352Z] [worker-us-central1-createMollieOnlinePayment-c3745e7d-0e06-4899-9791-e3a886f09ee7]: IDLE {"metadata":{"emulator":{"name":"functions"},"function":{"name":"us-central1-createMollieOnlinePayment"},"extension":{},"message":"[worker-us-central1-createMollieOnlinePayment-c3745e7d-0e06-4899-9791-e3a886f09ee7]: IDLE"}}
[debug] [2025-09-17T19:47:51.353Z] [worker-pool] submitRequest(triggerId=us-central1-createMollieOnlinePayment) {"metadata":{"emulator":{"name":"functions"},"message":"[worker-pool] submitRequest(triggerId=us-central1-createMollieOnlinePayment)"}}
[info] i  functions: Beginning execution of "us-central1-createMollieOnlinePayment" {"metadata":{"emulator":{"name":"functions"},"function":{"name":"us-central1-createMollieOnlinePayment"},"extension":{},"message":"Beginning execution of \"us-central1-createMollieOnlinePayment\""}}
[debug] [2025-09-17T19:47:51.353Z] [worker-us-central1-createMollieOnlinePayment-c3745e7d-0e06-4899-9791-e3a886f09ee7]: BUSY {"metadata":{"emulator":{"name":"functions"},"function":{"name":"us-central1-createMollieOnlinePayment"},"extension":{},"message":"[worker-us-central1-createMollieOnlinePayment-c3745e7d-0e06-4899-9791-e3a886f09ee7]: BUSY"}}
[info] >  {"severity":"WARNING","message":"Request has invalid method. GET"} {"user":{"severity":"WARNING","message":"Request has invalid method. GET"},"metadata":{"emulator":{"name":"functions"},"function":{"name":"us-central1-createMollieOnlinePayment"},"extension":{},"message":"\u001b[90m> \u001b[39m {\"severity\":\"WARNING\",\"message\":\"Request has invalid method. GET\"}"}}
[info] >  {"severity":"ERROR","message":"Error: Invalid request, unable to process.\n    at entryFromArgs (C:\\Users\\killi\\WebProjects\\multitenant-webshop\\functions\\node_modules\\firebase-functions\\lib\\logger\\index.js:134:19)\n    at Object.error (C:\\Users\\killi\\WebProjects\\multitenant-webshop\\functions\\node_modules\\firebase-functions\\lib\\logger\\index.js:121:11)\n    at C:\\Users\\killi\\WebProjects\\multitenant-webshop\\functions\\node_modules\\firebase-functions\\lib\\common\\providers\\https.js:431:24\n    at C:\\Users\\killi\\WebProjects\\multitenant-webshop\\functions\\node_modules\\firebase-functions\\lib\\common\\providers\\https.js:392:25\n    at cors (C:\\Users\\killi\\WebProjects\\multitenant-webshop\\functions\\node_modules\\cors\\lib\\index.js:188:7)\n    at C:\\Users\\killi\\WebProjects\\multitenant-webshop\\functions\\node_modules\\cors\\lib\\index.js:224:17\n    at originCallback (C:\\Users\\killi\\WebProjects\\multitenant-webshop\\functions\\node_modules\\cors\\lib\\index.js:214:15)\n    at C:\\Users\\killi\\WebProjects\\multitenant-webshop\\functions\\node_modules\\cors\\lib\\index.js:219:13\n    at optionsCallback (C:\\Users\\killi\\WebProjects\\multitenant-webshop\\functions\\node_modules\\cors\\lib\\index.js:199:9)\n    at corsMiddleware (C:\\Users\\killi\\WebProjects\\multitenant-webshop\\functions\\node_modules\\cors\\lib\\index.js:204:7)"} {"user":{"severity":"ERROR","message":"Error: Invalid request, unable to process.\n    at entryFromArgs (C:\\Users\\killi\\WebProjects\\multitenant-webshop\\functions\\node_modules\\firebase-functions\\lib\\logger\\index.js:134:19)\n    at Object.error (C:\\Users\\killi\\WebProjects\\multitenant-webshop\\functions\\node_modules\\firebase-functions\\lib\\logger\\index.js:121:11)\n    at C:\\Users\\killi\\WebProjects\\multitenant-webshop\\functions\\node_modules\\firebase-functions\\lib\\common\\providers\\https.js:431:24\n    at C:\\Users\\killi\\WebProjects\\multitenant-webshop\\functions\\node_modules\\firebase-functions\\lib\\common\\providers\\https.js:392:25\n    at cors (C:\\Users\\killi\\WebProjects\\multitenant-webshop\\functions\\node_modules\\cors\\lib\\index.js:188:7)\n    at C:\\Users\\killi\\WebProjects\\multitenant-webshop\\functions\\node_modules\\cors\\lib\\index.js:224:17\n    at originCallback (C:\\Users\\killi\\WebProjects\\multitenant-webshop\\functions\\node_modules\\cors\\lib\\index.js:214:15)\n    at C:\\Users\\killi\\WebProjects\\multitenant-webshop\\functions\\node_modules\\cors\\lib\\index.js:219:13\n    at optionsCallback (C:\\Users\\killi\\WebProjects\\multitenant-webshop\\functions\\node_modules\\cors\\lib\\index.js:199:9)\n    at corsMiddleware (C:\\Users\\killi\\WebProjects\\multitenant-webshop\\functions\\node_modules\\cors\\lib\\index.js:204:7)"},"metadata":{"emulator":{"name":"functions"},"function":{"name":"us-central1-createMollieOnlinePayment"},"extension":{},"message":"\u001b[90m> \u001b[39m {\"severity\":\"ERROR\",\"message\":\"Error: Invalid request, unable to process.\\n    at entryFromArgs (C:\\\\Users\\\\killi\\\\WebProjects\\\\multitenant-webshop\\\\functions\\\\node_modules\\\\firebase-functions\\\\lib\\\\logger\\\\index.js:134:19)\\n    at Object.error (C:\\\\Users\\\\killi\\\\WebProjects\\\\multitenant-webshop\\\\functions\\\\node_modules\\\\firebase-functions\\\\lib\\\\logger\\\\index.js:121:11)\\n    at C:\\\\Users\\\\killi\\\\WebProjects\\\\multitenant-webshop\\\\functions\\\\node_modules\\\\firebase-functions\\\\lib\\\\common\\\\providers\\\\https.js:431:24\\n    at C:\\\\Users\\\\killi\\\\WebProjects\\\\multitenant-webshop\\\\functions\\\\node_modules\\\\firebase-functions\\\\lib\\\\common\\\\providers\\\\https.js:392:25\\n    at cors (C:\\\\Users\\\\killi\\\\WebProjects\\\\multitenant-webshop\\\\functions\\\\node_modules\\\\cors\\\\lib\\\\index.js:188:7)\\n    at C:\\\\Users\\\\killi\\\\WebProjects\\\\multitenant-webshop\\\\functions\\\\node_modules\\\\cors\\\\lib\\\\index.js:224:17\\n    at originCallback (C:\\\\Users\\\\killi\\\\WebProjects\\\\multitenant-webshop\\\\functions\\\\node_modules\\\\cors\\\\lib\\\\index.js:214:15)\\n    at C:\\\\Users\\\\killi\\\\WebProjects\\\\multitenant-webshop\\\\functions\\\\node_modules\\\\cors\\\\lib\\\\index.js:219:13\\n    at optionsCallback (C:\\\\Users\\\\killi\\\\WebProjects\\\\multitenant-webshop\\\\functions\\\\node_modules\\\\cors\\\\lib\\\\index.js:199:9)\\n    at corsMiddleware (C:\\\\Users\\\\killi\\\\WebProjects\\\\multitenant-webshop\\\\functions\\\\node_modules\\\\cors\\\\lib\\\\index.js:204:7)\"}"}}
[debug] [2025-09-17T19:47:51.360Z] Finishing up request with event=pause {"metadata":{"emulator":{"name":"functions"},"function":{"name":"us-central1-createMollieOnlinePayment"},"extension":{},"message":"Finishing up request with event=pause"}}
[info] i  functions: Finished "us-central1-createMollieOnlinePayment" in 6.5341ms {"metadata":{"emulator":{"name":"functions"},"function":{"name":"us-central1-createMollieOnlinePayment"},"extension":{},"message":"Finished \"us-central1-createMollieOnlinePayment\" in 6.5341ms"}}
[debug] [2025-09-17T19:47:51.361Z] [worker-us-central1-createMollieOnlinePayment-c3745e7d-0e06-4899-9791-e3a886f09ee7]: IDLE {"metadata":{"emulator":{"name":"functions"},"function":{"name":"us-central1-createMollieOnlinePayment"},"extension":{},"message":"[worker-us-central1-createMollieOnlinePayment-c3745e7d-0e06-4899-9791-e3a886f09ee7]: IDLE"}}
[debug] [2025-09-17T19:47:51.361Z] Finishing up request with event=finish {"metadata":{"emulator":{"name":"functions"},"function":{"name":"us-central1-createMollieOnlinePayment"},"extension":{},"message":"Finishing up request with event=finish"}}
[debug] [2025-09-17T19:47:51.361Z] Finishing up request with event=close {"metadata":{"emulator":{"name":"functions"},"function":{"name":"us-central1-createMollieOnlinePayment"},"extension":{},"message":"Finishing up request with event=close"}}
[debug] [2025-09-17T19:47:51.361Z] [work-queue] {"queuedWork":[],"queueLength":0,"runningWork":[],"workRunningCount":0}
[debug] [2025-09-17T21:10:16.284Z] File C:\Users\killi\WebProjects\multitenant-webshop\functions\index.js changed, reloading triggers {"metadata":{"emulator":{"name":"functions"},"message":"File C:\\Users\\killi\\WebProjects\\multitenant-webshop\\functions\\index.js changed, reloading triggers"}}
