[debug] [2025-10-05T15:15:17.655Z] ----------------------------------------------------------------------
[debug] [2025-10-05T15:15:17.657Z] Command:       C:\nvm4w\nodejs\node.exe C:\nvm4w\nodejs\node_modules\firebase-tools\lib\bin\firebase.js deploy --only functions
[debug] [2025-10-05T15:15:17.658Z] CLI Version:   14.18.0
[debug] [2025-10-05T15:15:17.658Z] Platform:      win32
[debug] [2025-10-05T15:15:17.658Z] Node Version:  v20.19.5
[debug] [2025-10-05T15:15:17.658Z] Time:          Sun Oct 05 2025 17:15:17 GMT+0200 (Midden-Europese zomertijd)
[debug] [2025-10-05T15:15:17.658Z] ----------------------------------------------------------------------
[debug] 
[debug] [2025-10-05T15:15:17.660Z] >>> [apiv2][query] GET https://firebase-public.firebaseio.com/cli.json [none]
[debug] [2025-10-05T15:15:17.912Z] > command requires scopes: ["email","openid","https://www.googleapis.com/auth/cloudplatformprojects.readonly","https://www.googleapis.com/auth/firebase","https://www.googleapis.com/auth/cloud-platform"]
[debug] [2025-10-05T15:15:17.912Z] > authorizing via signed-in user (killianmatthews06@gmail.com)
[debug] [2025-10-05T15:15:17.913Z] [iam] checking project swiftpos-z1ryn for permissions ["cloudfunctions.functions.create","cloudfunctions.functions.delete","cloudfunctions.functions.get","cloudfunctions.functions.list","cloudfunctions.functions.update","cloudfunctions.operations.get","firebase.projects.get"]
[debug] [2025-10-05T15:15:17.913Z] Checked if tokens are valid: false, expires at: 1759501323034
[debug] [2025-10-05T15:15:17.914Z] Checked if tokens are valid: false, expires at: 1759501323034
[debug] [2025-10-05T15:15:17.914Z] > refreshing access token with scopes: []
[debug] [2025-10-05T15:15:17.915Z] >>> [apiv2][query] POST https://www.googleapis.com/oauth2/v3/token [none]
[debug] [2025-10-05T15:15:17.915Z] >>> [apiv2][body] POST https://www.googleapis.com/oauth2/v3/token [omitted]
[debug] [2025-10-05T15:15:18.100Z] <<< [apiv2][status] POST https://www.googleapis.com/oauth2/v3/token 200
[debug] [2025-10-05T15:15:18.101Z] <<< [apiv2][body] POST https://www.googleapis.com/oauth2/v3/token [omitted]
[debug] [2025-10-05T15:15:18.127Z] >>> [apiv2][query] POST https://cloudresourcemanager.googleapis.com/v1/projects/swiftpos-z1ryn:testIamPermissions [none]
[debug] [2025-10-05T15:15:18.127Z] >>> [apiv2][(partial)header] POST https://cloudresourcemanager.googleapis.com/v1/projects/swiftpos-z1ryn:testIamPermissions x-goog-quota-user=projects/swiftpos-z1ryn
[debug] [2025-10-05T15:15:18.127Z] >>> [apiv2][body] POST https://cloudresourcemanager.googleapis.com/v1/projects/swiftpos-z1ryn:testIamPermissions {"permissions":["cloudfunctions.functions.create","cloudfunctions.functions.delete","cloudfunctions.functions.get","cloudfunctions.functions.list","cloudfunctions.functions.update","cloudfunctions.operations.get","firebase.projects.get"]}
[debug] [2025-10-05T15:15:18.288Z] <<< [apiv2][status] GET https://firebase-public.firebaseio.com/cli.json 200
[debug] [2025-10-05T15:15:18.288Z] <<< [apiv2][body] GET https://firebase-public.firebaseio.com/cli.json {"cloudBuildErrorAfter":1594252800000,"cloudBuildWarnAfter":1590019200000,"defaultNode10After":1594252800000,"minVersion":"3.0.5","node8DeploysDisabledAfter":1613390400000,"node8RuntimeDisabledAfter":1615809600000,"node8WarnAfter":1600128000000}
[debug] [2025-10-05T15:15:18.896Z] <<< [apiv2][status] POST https://cloudresourcemanager.googleapis.com/v1/projects/swiftpos-z1ryn:testIamPermissions 200
[debug] [2025-10-05T15:15:18.896Z] <<< [apiv2][body] POST https://cloudresourcemanager.googleapis.com/v1/projects/swiftpos-z1ryn:testIamPermissions {"permissions":["cloudfunctions.functions.create","cloudfunctions.functions.delete","cloudfunctions.functions.get","cloudfunctions.functions.list","cloudfunctions.functions.update","cloudfunctions.operations.get","firebase.projects.get"]}
[debug] [2025-10-05T15:15:18.896Z] Checked if tokens are valid: true, expires at: 1759680917101
[debug] [2025-10-05T15:15:18.896Z] Checked if tokens are valid: true, expires at: 1759680917101
[debug] [2025-10-05T15:15:18.896Z] >>> [apiv2][query] POST https://iam.googleapis.com/v1/projects/swiftpos-z1ryn/serviceAccounts/swiftpos-z1ryn@appspot.gserviceaccount.com:testIamPermissions [none]
[debug] [2025-10-05T15:15:18.896Z] >>> [apiv2][body] POST https://iam.googleapis.com/v1/projects/swiftpos-z1ryn/serviceAccounts/swiftpos-z1ryn@appspot.gserviceaccount.com:testIamPermissions {"permissions":["iam.serviceAccounts.actAs"]}
[debug] [2025-10-05T15:15:19.674Z] <<< [apiv2][status] POST https://iam.googleapis.com/v1/projects/swiftpos-z1ryn/serviceAccounts/swiftpos-z1ryn@appspot.gserviceaccount.com:testIamPermissions 200
[debug] [2025-10-05T15:15:19.674Z] <<< [apiv2][body] POST https://iam.googleapis.com/v1/projects/swiftpos-z1ryn/serviceAccounts/swiftpos-z1ryn@appspot.gserviceaccount.com:testIamPermissions {"permissions":["iam.serviceAccounts.actAs"]}
[info] 
[info] === Deploying to 'swiftpos-z1ryn'...
[info] 
[info] i  deploying functions 
[info] Running command: npm --prefix "$RESOURCE_DIR" run lint
[info] +  functions: Finished running predeploy script. 
[debug] [2025-10-05T15:15:20.179Z] Checked if tokens are valid: true, expires at: 1759680917101
[debug] [2025-10-05T15:15:20.180Z] Checked if tokens are valid: true, expires at: 1759680917101
[debug] [2025-10-05T15:15:20.180Z] >>> [apiv2][query] GET https://cloudresourcemanager.googleapis.com/v1/projects/swiftpos-z1ryn [none]
[debug] [2025-10-05T15:15:20.391Z] <<< [apiv2][status] GET https://cloudresourcemanager.googleapis.com/v1/projects/swiftpos-z1ryn 200
[debug] [2025-10-05T15:15:20.391Z] <<< [apiv2][body] GET https://cloudresourcemanager.googleapis.com/v1/projects/swiftpos-z1ryn {"projectNumber":"950847399706","projectId":"swiftpos-z1ryn","lifecycleState":"ACTIVE","name":"AppPhoinix","labels":{"monospace-workspace-id":"studio-88696114","firebase":"enabled","firebase-core":"disabled"},"createTime":"2025-05-26T09:35:58.182176Z"}
[info] i  functions: preparing codebase default for deployment 
[info] i  functions: ensuring required API cloudfunctions.googleapis.com is enabled... 
[info] i  functions: ensuring required API cloudbuild.googleapis.com is enabled... 
[info] i  artifactregistry: ensuring required API artifactregistry.googleapis.com is enabled... 
[debug] [2025-10-05T15:15:20.393Z] Checked if tokens are valid: true, expires at: 1759680917101
[debug] [2025-10-05T15:15:20.393Z] Checked if tokens are valid: true, expires at: 1759680917101
[debug] [2025-10-05T15:15:20.394Z] >>> [apiv2][query] GET https://firebase.googleapis.com/v1beta1/projects/swiftpos-z1ryn/adminSdkConfig [none]
[debug] [2025-10-05T15:15:20.960Z] <<< [apiv2][status] GET https://firebase.googleapis.com/v1beta1/projects/swiftpos-z1ryn/adminSdkConfig 200
[debug] [2025-10-05T15:15:20.961Z] <<< [apiv2][body] GET https://firebase.googleapis.com/v1beta1/projects/swiftpos-z1ryn/adminSdkConfig {"projectId":"swiftpos-z1ryn","storageBucket":"swiftpos-z1ryn.firebasestorage.app"}
[debug] [2025-10-05T15:15:20.962Z] Checked if tokens are valid: true, expires at: 1759680917101
[debug] [2025-10-05T15:15:20.962Z] Checked if tokens are valid: true, expires at: 1759680917101
[debug] [2025-10-05T15:15:20.962Z] >>> [apiv2][query] GET https://runtimeconfig.googleapis.com/v1beta1/projects/swiftpos-z1ryn/configs [none]
[debug] [2025-10-05T15:15:21.299Z] <<< [apiv2][status] GET https://runtimeconfig.googleapis.com/v1beta1/projects/swiftpos-z1ryn/configs 200
[debug] [2025-10-05T15:15:21.299Z] <<< [apiv2][body] GET https://runtimeconfig.googleapis.com/v1beta1/projects/swiftpos-z1ryn/configs {}
[debug] [2025-10-05T15:15:21.300Z] Validating nodejs source
[debug] [2025-10-05T15:15:27.535Z] > [functions] package.json contents: {
  "name": "functions",
  "description": "Cloud Functions for Firebase",
  "scripts": {
    "lint": "echo Linting skipped.",
    "serve": "firebase emulators:start --only functions",
    "shell": "firebase functions:shell",
    "start": "npm run shell",
    "deploy": "firebase deploy --only functions",
    "logs": "firebase functions:log"
  },
  "engines": {
    "node": "22"
  },
  "main": "index.js",
  "dependencies": {
    "@google-cloud/secret-manager": "^6.1.0",
    "@mollie/api-client": "^4.3.3",
    "axios": "^1.12.2",
    "cors": "^2.8.5",
    "firebase-admin": "^12.6.0",
    "firebase-functions": "^6.0.1",
    "next": "^15.5.4"
  },
  "devDependencies": {
    "eslint": "^8.15.0",
    "eslint-config-google": "^0.14.0",
    "firebase-functions-test": "^3.1.0"
  },
  "private": true
}
[debug] [2025-10-05T15:15:27.535Z] Building nodejs source
[info] i  functions: Loading and analyzing source code for codebase default to determine what to deploy 
[debug] [2025-10-05T15:15:27.538Z] Could not find functions.yaml. Must use http discovery
[debug] [2025-10-05T15:15:27.545Z] Found firebase-functions binary at 'C:\Users\killi\WebProjects\multitenant-webshop\functions\node_modules\.bin\firebase-functions'
[info] Serving at port 8760

